<?xml version="1.0" encoding="UTF-8"?>
<!-- Generated by org.testng.reporters.JUnitReportReporter -->
<testsuite skipped="0" hostname="Sanjay" name="Runner.DemoblazeRunner" tests="5" failures="0" timestamp="2023-03-16T10:16:49 IST" time="38.966" errors="0">
  <testcase name="runScenario" time="7.610" classname="Runner.DemoblazeRunner"/>
  <system-out/>
  <testcase name="runScenario" time="9.042" classname="Runner.DemoblazeRunner"/>
  <system-out/>
  <testcase name="runScenario" time="5.002" classname="Runner.DemoblazeRunner"/>
  <system-out/>
  <testcase name="runScenario" time="14.998" classname="Runner.DemoblazeRunner"/>
  <system-out/>
  <testcase name="runScenario" time="2.314" classname="Runner.DemoblazeRunner"/>
  <system-out/>
</testsuite> <!-- Runner.DemoblazeRunner -->
