<?xml version="1.0" encoding="UTF-8"?>
<!-- Generated by org.testng.reporters.JUnitReportReporter -->
<testsuite skipped="0" hostname="Sanjay" name="Runner.DemoblazeRunner" tests="4" failures="1" timestamp="2023-03-14T21:53:04 IST" time="40.632" errors="2">
  <testcase name="runScenario" time="21.096" classname="Runner.DemoblazeRunner">
    <error type="java.lang.NullPointerException">
      <![CDATA[java.lang.NullPointerException
at StepDefs.AddItemToCart.add_an_item_to_cart(AddItemToCart.java:70)
at ✽.Add an item to cart "Nokia lumia 1520"(file:///E:/SDET%20Training%20WS/miniCaseBDD/src/test/resources/features/demoblaze.feature:13)
]]>
    </error>
  </testcase> <!-- runScenario -->
  <system-out/>
  <testcase name="runScenario" time="2.895" classname="Runner.DemoblazeRunner">
    <failure type="java.lang.AssertionError" message="expected [true] but found [false]">
      <![CDATA[java.lang.AssertionError: expected [true] but found [false]
at org.testng.Assert.fail(Assert.java:99)
at org.testng.Assert.failNotEquals(Assert.java:1037)
at org.testng.Assert.assertTrue(Assert.java:45)
at org.testng.Assert.assertTrue(Assert.java:55)
at StepDefs.AddItemToCart.list_of_items_should_be_available_in_cart(AddItemToCart.java:100)
at ✽.List of items should be available in cart(file:///E:/SDET%20Training%20WS/miniCaseBDD/src/test/resources/features/demoblaze.feature:24)
]]>
    </failure>
  </testcase> <!-- runScenario -->
  <system-out/>
  <testcase name="runScenario" time="0.053" classname="Runner.DemoblazeRunner">
    <error type="org.openqa.selenium.UnhandledAlertException" message="unexpected alert open: {Alert text : Product added.}
  (Session info: chrome=111.0.5563.65): Product added.
Build info: version: &#039;4.6.0&#039;, revision: &#039;79f1c02ae20&#039;
System info: os.name: &#039;Windows 10&#039;, os.arch: &#039;amd64&#039;, os.version: &#039;10.0&#039;, java.version: &#039;1.8.0_202&#039;
Driver info: org.openqa.selenium.chrome.ChromeDriver
Command: [e285bc3f2542903cf821f8c61ecd4c44, findElements {using=xpath, value=//tr[@class=&#039;success&#039;]}]
Capabilities {acceptInsecureCerts: false, browserName: chrome, browserVersion: 111.0.5563.65, chrome: {chromedriverVersion: 111.0.5563.64 (c710e93d5b63..., userDataDir: C:\Users\PALANI~1\AppData\L...}, goog:chromeOptions: {debuggerAddress: localhost:55668}, networkConnectionEnabled: false, pageLoadStrategy: normal, platformName: WINDOWS, proxy: Proxy(), se:cdp: ws://localhost:55668/devtoo..., se:cdpVersion: 111.0.5563.65, setWindowRect: true, strictFileInteractability: false, timeouts: {implicit: 0, pageLoad: 300000, script: 30000}, unhandledPromptBehavior: dismiss and notify, webauthn:extension:credBlob: true, webauthn:extension:largeBlob: true, webauthn:extension:minPinLength: true, webauthn:extension:prf: true, webauthn:virtualAuthenticators: true}
Session ID: e285bc3f2542903cf821f8c61ecd4c44">
      <![CDATA[org.openqa.selenium.UnhandledAlertException: unexpected alert open: {Alert text : Product added.}
  (Session info: chrome=111.0.5563.65): Product added.
Build info: version: '4.6.0', revision: '79f1c02ae20'
System info: os.name: 'Windows 10', os.arch: 'amd64', os.version: '10.0', java.version: '1.8.0_202'
Driver info: org.openqa.selenium.chrome.ChromeDriver
Command: [e285bc3f2542903cf821f8c61ecd4c44, findElements {using=xpath, value=//tr[@class='success']}]
Capabilities {acceptInsecureCerts: false, browserName: chrome, browserVersion: 111.0.5563.65, chrome: {chromedriverVersion: 111.0.5563.64 (c710e93d5b63..., userDataDir: C:\Users\PALANI~1\AppData\L...}, goog:chromeOptions: {debuggerAddress: localhost:55668}, networkConnectionEnabled: false, pageLoadStrategy: normal, platformName: WINDOWS, proxy: Proxy(), se:cdp: ws://localhost:55668/devtoo..., se:cdpVersion: 111.0.5563.65, setWindowRect: true, strictFileInteractability: false, timeouts: {implicit: 0, pageLoad: 300000, script: 30000}, unhandledPromptBehavior: dismiss and notify, webauthn:extension:credBlob: true, webauthn:extension:largeBlob: true, webauthn:extension:minPinLength: true, webauthn:extension:prf: true, webauthn:virtualAuthenticators: true}
Session ID: e285bc3f2542903cf821f8c61ecd4c44
at org.openqa.selenium.remote.codec.w3c.W3CHttpResponseCodec.decode(W3CHttpResponseCodec.java:131)
at org.openqa.selenium.remote.codec.w3c.W3CHttpResponseCodec.decode(W3CHttpResponseCodec.java:53)
at org.openqa.selenium.remote.HttpCommandExecutor.execute(HttpCommandExecutor.java:184)
at org.openqa.selenium.remote.service.DriverCommandExecutor.invokeExecute(DriverCommandExecutor.java:167)
at org.openqa.selenium.remote.service.DriverCommandExecutor.execute(DriverCommandExecutor.java:142)
at org.openqa.selenium.remote.RemoteWebDriver.execute(RemoteWebDriver.java:541)
at org.openqa.selenium.remote.ElementLocation$ElementFinder$2.findElements(ElementLocation.java:179)
at org.openqa.selenium.remote.ElementLocation.findElements(ElementLocation.java:102)
at org.openqa.selenium.remote.RemoteWebDriver.findElements(RemoteWebDriver.java:380)
at org.openqa.selenium.remote.RemoteWebDriver.findElements(RemoteWebDriver.java:372)
at StepDefs.AddItemToCart.items_should_be_available_in_cart(AddItemToCart.java:111)
at ✽.Items should be available in cart(file:///E:/SDET%20Training%20WS/miniCaseBDD/src/test/resources/features/demoblaze.feature:28)
]]>
    </error>
  </testcase> <!-- runScenario -->
  <system-out/>
  <testcase name="runScenario" time="16.588" classname="Runner.DemoblazeRunner"/>
  <system-out/>
</testsuite> <!-- Runner.DemoblazeRunner -->
