<?xml version="1.0" encoding="UTF-8"?>
<!-- Generated by org.testng.reporters.JUnitReportReporter -->
<testsuite skipped="0" hostname="Sanjay" name="Runner.DemoblazeRunner" tests="1" failures="0" timestamp="2023-03-12T22:02:37 IST" time="20.807" errors="0">
  <testcase name="runScenario" time="20.807" classname="Runner.DemoblazeRunner"/>
  <system-out/>
</testsuite> <!-- Runner.DemoblazeRunner -->
