<?xml version="1.0" encoding="UTF-8"?>
<!-- Generated by org.testng.reporters.JUnitReportReporter -->
<testsuite skipped="0" hostname="Sanjay" name="Runner.DemoblazeRunner" tests="5" failures="0" timestamp="2023-03-15T12:08:40 IST" time="34.487" errors="0">
  <testcase name="runScenario" time="5.611" classname="Runner.DemoblazeRunner"/>
  <system-out/>
  <testcase name="runScenario" time="11.560" classname="Runner.DemoblazeRunner"/>
  <system-out/>
  <testcase name="runScenario" time="7.788" classname="Runner.DemoblazeRunner"/>
  <system-out/>
  <testcase name="runScenario" time="2.250" classname="Runner.DemoblazeRunner"/>
  <system-out/>
  <testcase name="runScenario" time="7.278" classname="Runner.DemoblazeRunner"/>
  <system-out/>
</testsuite> <!-- Runner.DemoblazeRunner -->
